<?xml version="1.0" encoding="UTF-8"?>
<testsuite name="TwoFerSpec" tests="4" skipped="0" failures="0" errors="0" timestamp="2021-01-12T01:29:53" hostname="blackbox" time="0.315">
  <properties/>
  <testcase name="No name given" classname="TwoFerSpec" time="0.29"/>
  <testcase name="Empty name given" classname="TwoFerSpec" time="0.006"/>
  <testcase name="A name given" classname="TwoFerSpec" time="0.001"/>
  <testcase name="Another name given" classname="TwoFerSpec" time="0.001"/>
  <system-out><![CDATA[]]></system-out>
  <system-err><![CDATA[]]></system-err>
</testsuite>
