<?xml version="1.0" encoding="UTF-8"?>
<testsuite name="HelloWorldSpec" tests="1" skipped="0" failures="0" errors="0" timestamp="2021-01-10T09:17:31" hostname="blackbox" time="0.28">
  <properties/>
  <testcase name="Say Hi!" classname="HelloWorldSpec" time="0.28"/>
  <system-out><![CDATA[]]></system-out>
  <system-err><![CDATA[]]></system-err>
</testsuite>
