<?xml version='1.0' encoding='UTF-8'?>
<testsuite hostname="localhost" name="TwoferTest" tests="3" errors="0" failures="0" skipped="2" time="0.021" timestamp="2020-01-25T16:42:50">
                     <properties>
      <property name="awt.toolkit" value="sun.awt.X11.XToolkit"/><property name="java.specification.version" value="11"/><property name="sun.cpu.isalist" value=""/><property name="sun.jnu.encoding" value="UTF-8"/><property name="sun.arch.data.model" value="64"/><property name="java.vendor.url" value="https://voidlinux.org/"/><property name="sun.boot.library.path" value="/usr/lib/jvm/openjdk11/lib"/><property name="sun.java.command" value="/usr/share/sbt/bin/sbt-launch.jar test"/><property name="jdk.debug" value="release"/><property name="java.specification.vendor" value="Oracle Corporation"/><property name="java.version.date" value="2019-10-15"/><property name="java.home" value="/usr/lib/jvm/openjdk11"/><property name="file.separator" value="/"/><property name="java.vm.compressedOopsMode" value="32-bit"/><property name="line.separator" value="
"/><property name="java.specification.name" value="Java Platform API Specification"/><property name="java.vm.specification.vendor" value="Oracle Corporation"/><property name="sun.management.compiler" value="HotSpot 64-Bit Tiered Compilers"/><property name="java.runtime.version" value="11.0.5-internal+11-adhoc..jdk11u-jdk-11.0.510"/><property name="user.name" value="hiljusti"/><property name="log4j.ignoreTCL" value="true"/><property name="file.encoding" value="UTF-8"/><property name="java.io.tmpdir" value="/tmp"/><property name="java.version" value="11.0.5-internal"/><property name="java.vm.specification.name" value="Java Virtual Machine Specification"/><property name="java.awt.printerjob" value="sun.print.PSPrinterJob"/><property name="sun.os.patch.level" value="unknown"/><property name="java.library.path" value="/usr/java/packages/lib:/usr/lib64:/lib64:/lib:/usr/lib"/><property name="java.vendor" value="Void"/><property name="scala.ext.dirs" value="/home/hiljusti/.sbt/0.13/java9-rt-ext-void_11_0_5_internal"/><property name="sun.io.unicode.encoding" value="UnicodeLittle"/><property name="sun.desktop" value="gnome"/><property name="java.class.path" value="/usr/share/sbt/bin/sbt-launch.jar"/><property name="java.vm.vendor" value="Void"/><property name="jline.shutdownhook" value="false"/><property name="user.timezone" value="US/Pacific"/><property name="os.name" value="Linux"/><property name="java.vm.specification.version" value="11"/><property name="sun.java.launcher" value="SUN_STANDARD"/><property name="user.country" value="US"/><property name="sun.cpu.endian" value="little"/><property name="user.home" value="/home/hiljusti"/><property name="user.language" value="en"/><property name="swoval.tmpdir" value="/home/hiljusti/.sbt/1.0"/><property name="java.awt.graphicsenv" value="sun.awt.X11GraphicsEnvironment"/><property name="jline.esc.timeout" value="0"/><property name="path.separator" value=":"/><property name="os.version" value="5.4.14_1"/><property name="jna.nosys" value="true"/><property name="java.runtime.name" value="OpenJDK Runtime Environment"/><property name="java.vm.name" value="OpenJDK 64-Bit Server VM"/><property name="java.vendor.url.bug" value="https://github.com/void-linux/void-packages/issues"/><property name="user.dir" value="/workplace/hiljusti/exercism/scala/two-fer"/><property name="os.arch" value="amd64"/><property name="java.vm.info" value="mixed mode"/><property name="java.vm.version" value="11.0.5-internal+11-adhoc..jdk11u-jdk-11.0.510"/><property name="java.class.version" value="55.0"/>
    </properties>
                     <testcase classname="TwoferTest" name="no name given" time="0.02">
                                                 
                                               </testcase><testcase classname="TwoferTest" name="a name given" time="0.001">
                                                 <skipped/>
                                               </testcase><testcase classname="TwoferTest" name="another name given" time="0.0">
                                                 <skipped/>
                                               </testcase>
                     <system-out><![CDATA[]]></system-out>
                     <system-err><![CDATA[]]></system-err>
                   </testsuite>